
PL/SQL procedure successfully completed.


Table created.


Sequence created.


1 row created.


Table altered.


Table altered.


PL/SQL procedure successfully completed.


Table created.


Index created.


Index created.


Sequence created.


1 row created.


1 row created.


1 row created.


1 row created.


1 row created.


1 row created.


1 row created.


1 row created.


1 row created.


1 row created.


1 row created.


1 row created.


1 row created.


1 row created.


1 row created.


1 row created.


1 row created.


Table altered.


PL/SQL procedure successfully completed.


Table created.


Index created.


Sequence created.


PL/SQL procedure successfully completed.


Table created.


Index created.


Index created.


Sequence created.


PL/SQL procedure successfully completed.


Table created.


Index created.


Index created.


Sequence created.


PL/SQL procedure successfully completed.


Table created.


Sequence created.


PL/SQL procedure successfully completed.


Table created.


Index created.


Index created.


Index created.


Sequence created.


PL/SQL procedure successfully completed.


Table created.


Sequence created.


PL/SQL procedure successfully completed.


Table created.


Sequence created.


PL/SQL procedure successfully completed.


Table created.


Sequence created.


Commit complete.

